<?xml version="1.0" encoding="UTF-8"?>
<testsuite name="I as a user I want to create a purchase on the page sauced emo" tests="4" skipped="0" failures="0" errors="0" timestamp="2023-03-18T02:45:34" hostname="DESKTOP-L5G1I7N" time="24.129">
  <properties/>
  <testcase name="purchase of products of page" classname="I as a user I want to create a purchase on the page sauced emo" time="14.128"/>
  <testcase name="to check that the page have products" classname="I as a user I want to create a purchase on the page sauced emo" time="3.35"/>
  <testcase name="to check that the button of little car is enable" classname="I as a user I want to create a purchase on the page sauced emo" time="3.195"/>
  <testcase name="to check that the button for go to CheckOut of purchase is enable" classname="I as a user I want to create a purchase on the page sauced emo" time="3.453"/>
  <system-out><![CDATA[]]></system-out>
  <system-err><![CDATA[mar 17, 2023 9:45:35 P. M. org.openqa.selenium.remote.DesiredCapabilities chrome
INFO: Using `new ChromeOptions()` is preferred to `DesiredCapabilities.chrome()`
Starting ChromeDriver 111.0.5563.64 (c710e93d5b63b7095afe8c2c17df34408078439d-refs/branch-heads/5563@{#995}) on port 8964
Only local connections are allowed.
Please see https://chromedriver.chromium.org/security-considerations for suggestions on keeping ChromeDriver safe.
ChromeDriver was started successfully.
mar 17, 2023 9:45:36 P. M. org.openqa.selenium.remote.ProtocolHandshake createSession
INFO: Detected dialect: W3C
mar 17, 2023 9:45:48 P. M. org.openqa.selenium.remote.DesiredCapabilities chrome
INFO: Using `new ChromeOptions()` is preferred to `DesiredCapabilities.chrome()`
Starting ChromeDriver 111.0.5563.64 (c710e93d5b63b7095afe8c2c17df34408078439d-refs/branch-heads/5563@{#995}) on port 16114
Only local connections are allowed.
Please see https://chromedriver.chromium.org/security-considerations for suggestions on keeping ChromeDriver safe.
ChromeDriver was started successfully.
mar 17, 2023 9:45:49 P. M. org.openqa.selenium.remote.ProtocolHandshake createSession
INFO: Detected dialect: W3C
mar 17, 2023 9:45:52 P. M. org.openqa.selenium.remote.DesiredCapabilities chrome
INFO: Using `new ChromeOptions()` is preferred to `DesiredCapabilities.chrome()`
Starting ChromeDriver 111.0.5563.64 (c710e93d5b63b7095afe8c2c17df34408078439d-refs/branch-heads/5563@{#995}) on port 23115
Only local connections are allowed.
Please see https://chromedriver.chromium.org/security-considerations for suggestions on keeping ChromeDriver safe.
ChromeDriver was started successfully.
mar 17, 2023 9:45:53 P. M. org.openqa.selenium.remote.ProtocolHandshake createSession
INFO: Detected dialect: W3C
mar 17, 2023 9:45:55 P. M. org.openqa.selenium.remote.DesiredCapabilities chrome
INFO: Using `new ChromeOptions()` is preferred to `DesiredCapabilities.chrome()`
Starting ChromeDriver 111.0.5563.64 (c710e93d5b63b7095afe8c2c17df34408078439d-refs/branch-heads/5563@{#995}) on port 30579
Only local connections are allowed.
Please see https://chromedriver.chromium.org/security-considerations for suggestions on keeping ChromeDriver safe.
ChromeDriver was started successfully.
mar 17, 2023 9:45:56 P. M. org.openqa.selenium.remote.ProtocolHandshake createSession
INFO: Detected dialect: W3C
]]></system-err>
</testsuite>
