<?xml version="1.0" encoding="UTF-8"?>
<testsuite name="I as a user I want to create a purchase on the page sauced emo" tests="4" skipped="0" failures="0" errors="0" timestamp="2023-03-18T01:10:49" hostname="DESKTOP-L5G1I7N" time="23.071">
  <properties/>
  <testcase name="purchase of products of page" classname="I as a user I want to create a purchase on the page sauced emo" time="13.509"/>
  <testcase name="to check that the page have products" classname="I as a user I want to create a purchase on the page sauced emo" time="3.121"/>
  <testcase name="to check that the button of little car is enable" classname="I as a user I want to create a purchase on the page sauced emo" time="3.145"/>
  <testcase name="to check that the button for go to CheckOut of purchase is enable" classname="I as a user I want to create a purchase on the page sauced emo" time="3.293"/>
  <system-out><![CDATA[]]></system-out>
  <system-err><![CDATA[mar 17, 2023 8:10:49 P. M. org.openqa.selenium.remote.DesiredCapabilities chrome
INFO: Using `new ChromeOptions()` is preferred to `DesiredCapabilities.chrome()`
Starting ChromeDriver 111.0.5563.64 (c710e93d5b63b7095afe8c2c17df34408078439d-refs/branch-heads/5563@{#995}) on port 40136
Only local connections are allowed.
Please see https://chromedriver.chromium.org/security-considerations for suggestions on keeping ChromeDriver safe.
ChromeDriver was started successfully.
mar 17, 2023 8:10:51 P. M. org.openqa.selenium.remote.ProtocolHandshake createSession
INFO: Detected dialect: W3C
mar 17, 2023 8:11:03 P. M. org.openqa.selenium.remote.DesiredCapabilities chrome
INFO: Using `new ChromeOptions()` is preferred to `DesiredCapabilities.chrome()`
Starting ChromeDriver 111.0.5563.64 (c710e93d5b63b7095afe8c2c17df34408078439d-refs/branch-heads/5563@{#995}) on port 7404
Only local connections are allowed.
Please see https://chromedriver.chromium.org/security-considerations for suggestions on keeping ChromeDriver safe.
ChromeDriver was started successfully.
mar 17, 2023 8:11:04 P. M. org.openqa.selenium.remote.ProtocolHandshake createSession
INFO: Detected dialect: W3C
mar 17, 2023 8:11:06 P. M. org.openqa.selenium.remote.DesiredCapabilities chrome
INFO: Using `new ChromeOptions()` is preferred to `DesiredCapabilities.chrome()`
Starting ChromeDriver 111.0.5563.64 (c710e93d5b63b7095afe8c2c17df34408078439d-refs/branch-heads/5563@{#995}) on port 22335
Only local connections are allowed.
Please see https://chromedriver.chromium.org/security-considerations for suggestions on keeping ChromeDriver safe.
ChromeDriver was started successfully.
mar 17, 2023 8:11:07 P. M. org.openqa.selenium.remote.ProtocolHandshake createSession
INFO: Detected dialect: W3C
mar 17, 2023 8:11:09 P. M. org.openqa.selenium.remote.DesiredCapabilities chrome
INFO: Using `new ChromeOptions()` is preferred to `DesiredCapabilities.chrome()`
Starting ChromeDriver 111.0.5563.64 (c710e93d5b63b7095afe8c2c17df34408078439d-refs/branch-heads/5563@{#995}) on port 48604
Only local connections are allowed.
Please see https://chromedriver.chromium.org/security-considerations for suggestions on keeping ChromeDriver safe.
ChromeDriver was started successfully.
mar 17, 2023 8:11:10 P. M. org.openqa.selenium.remote.ProtocolHandshake createSession
INFO: Detected dialect: W3C
]]></system-err>
</testsuite>
